<?xml version="1.0" encoding="UTF-8"?>
<!-- Generated by org.testng.reporters.JUnitReportReporter -->
<testsuite hostname="yatheesh" name="com.example.RecordBrowserAsVideo" tests="1" failures="0" timestamp="21 Mar 2016 16:25:47 GMT" time="224.015" errors="0">
  <testcase name="recodvideo" time="224.015" classname="com.example.RecordBrowserAsVideo"/>
</testsuite> <!-- com.example.RecordBrowserAsVideo -->
