<?xml version="1.0" encoding="UTF-8"?>
<!-- Generated by org.testng.reporters.JUnitReportReporter -->
<testsuite hostname="yatheesh" name="com.example.ImplicitWaitDemo" tests="1" failures="0" timestamp="2 Apr 2016 12:34:32 GMT" time="112.288" errors="0">
  <testcase name="implicitWaitDemo" time="112.288" classname="com.example.ImplicitWaitDemo"/>
</testsuite> <!-- com.example.ImplicitWaitDemo -->
