<?xml version="1.0" encoding="UTF-8"?>
<!-- Generated by org.testng.reporters.JUnitReportReporter -->
<testsuite hostname="yatheesh" name="com.example.LocatorsDemo" tests="1" failures="0" timestamp="12 Apr 2016 19:27:49 GMT" time="43.126" errors="0">
  <testcase name="locatorsDemo" time="43.126" classname="com.example.LocatorsDemo"/>
</testsuite> <!-- com.example.LocatorsDemo -->
