<?xml version="1.0" encoding="UTF-8"?>
<!-- Generated by org.testng.reporters.JUnitReportReporter -->
<testsuite hostname="yatheesh" name="com.example.SetBrowserWindowSize" tests="1" failures="0" timestamp="13 Mar 2016 03:51:52 GMT" time="30.185" errors="0">
  <testcase name="setBrowserWindowSize" time="30.185" classname="com.example.SetBrowserWindowSize"/>
</testsuite> <!-- com.example.SetBrowserWindowSize -->
