<?xml version="1.0" encoding="UTF-8"?>
<!-- Generated by org.testng.reporters.JUnitReportReporter -->
<testsuite hostname="yatheesh" name="com.example.SshotofElement" tests="1" failures="0" timestamp="11 Mar 2016 13:14:19 GMT" time="15.682" errors="0">
  <testcase name="screenShotElement" time="15.682" classname="com.example.SshotofElement"/>
</testsuite> <!-- com.example.SshotofElement -->
