<?xml version="1.0" encoding="UTF-8"?>
<!-- Generated by org.testng.reporters.JUnitReportReporter -->
<testsuite hostname="yatheesh" name="com.example.TakeScreenShot" tests="1" failures="0" timestamp="11 Mar 2016 12:53:26 GMT" time="13.789" errors="0">
  <testcase name="TakeScreenShotof" time="13.789" classname="com.example.TakeScreenShot"/>
</testsuite> <!-- com.example.TakeScreenShot -->
