<?xml version="1.0" encoding="UTF-8"?>
<!-- Generated by org.testng.reporters.JUnitReportReporter -->
<testsuite hostname="yatheesh" name="com.example.ExplicitWaitDemo" tests="1" failures="0" timestamp="2 Apr 2016 12:59:39 GMT" time="44.409" errors="0">
  <testcase name="explicitWaitDeom" time="44.409" classname="com.example.ExplicitWaitDemo"/>
</testsuite> <!-- com.example.ExplicitWaitDemo -->
